2025-11-05 14:42:47,343 (47168/completion_refresh) litecli.sqlcompleter ERROR - Failed to get function names.
Traceback (most recent call last):
  File "/opt/homebrew/Cellar/litecli/1.17.0/libexec/lib/python3.13/site-packages/litecli/sqlcompleter.py", line 371, in extend_functions
    func_data = [self.escaped_names(d) for d in func_data]
                                                ^^^^^^^^^
  File "/opt/homebrew/Cellar/litecli/1.17.0/libexec/lib/python3.13/site-packages/litecli/sqlexecute.py", line 213, in functions
    cur.execute(self.functions_query % self.dbname)
    ~~~~~~~~~~~^^^^^^^^^^^^^^^^^^^^^^^^^^^^^^^^^^^^
sqlite3.OperationalError: no such table: INFORMATION_SCHEMA.ROUTINES
2025-11-05 14:43:30,473 (47168/MainThread) litecli.main ERROR - sql: 'DATABASE', error: OperationalError('near "DATABASE": syntax error')
2025-11-05 14:43:30,477 (47168/MainThread) litecli.main ERROR - traceback: 'Traceback (most recent call last):\n  File "/opt/homebrew/Cellar/litecli/1.17.0/libexec/lib/python3.13/site-packages/litecli/sqlexecute.py", line 146, in run\n    for result in special.execute(cur, sql):\n                  ~~~~~~~~~~~~~~~^^^^^^^^^^\n  File "/opt/homebrew/Cellar/litecli/1.17.0/libexec/lib/python3.13/site-packages/litecli/packages/special/main.py", line 126, in execute\n    raise CommandNotFound\nlitecli.packages.special.main.CommandNotFound\n\nDuring handling of the above exception, another exception occurred:\n\nTraceback (most recent call last):\n  File "/opt/homebrew/Cellar/litecli/1.17.0/libexec/lib/python3.13/site-packages/litecli/main.py", line 519, in one_iteration\n    mutating = output_res(res, start)\n  File "/opt/homebrew/Cellar/litecli/1.17.0/libexec/lib/python3.13/site-packages/litecli/main.py", line 404, in output_res\n    for title, cur, headers, status in res:\n                                       ^^^\n  File "/opt/homebrew/Cellar/litecli/1.17.0/libexec/lib/python3.13/site-packages/litecli/sqlexecute.py", line 154, in run\n    cur.execute(sql)\n    ~~~~~~~~~~~^^^^^\nsqlite3.OperationalError: near "DATABASE": syntax error\n'
2025-11-05 14:53:07,008 (47168/MainThread) litecli.main ERROR - sql: 'show databases', error: OperationalError('near "show": syntax error')
2025-11-05 14:53:07,012 (47168/MainThread) litecli.main ERROR - traceback: 'Traceback (most recent call last):\n  File "/opt/homebrew/Cellar/litecli/1.17.0/libexec/lib/python3.13/site-packages/litecli/sqlexecute.py", line 146, in run\n    for result in special.execute(cur, sql):\n                  ~~~~~~~~~~~~~~~^^^^^^^^^^\n  File "/opt/homebrew/Cellar/litecli/1.17.0/libexec/lib/python3.13/site-packages/litecli/packages/special/main.py", line 126, in execute\n    raise CommandNotFound\nlitecli.packages.special.main.CommandNotFound\n\nDuring handling of the above exception, another exception occurred:\n\nTraceback (most recent call last):\n  File "/opt/homebrew/Cellar/litecli/1.17.0/libexec/lib/python3.13/site-packages/litecli/main.py", line 519, in one_iteration\n    mutating = output_res(res, start)\n  File "/opt/homebrew/Cellar/litecli/1.17.0/libexec/lib/python3.13/site-packages/litecli/main.py", line 404, in output_res\n    for title, cur, headers, status in res:\n                                       ^^^\n  File "/opt/homebrew/Cellar/litecli/1.17.0/libexec/lib/python3.13/site-packages/litecli/sqlexecute.py", line 154, in run\n    cur.execute(sql)\n    ~~~~~~~~~~~^^^^^\nsqlite3.OperationalError: near "show": syntax error\n'
2025-11-05 14:56:10,380 (47168/MainThread) litecli.main ERROR - sql: 'select * from responses(*)', error: OperationalError('near "*": syntax error')
2025-11-05 14:56:10,384 (47168/MainThread) litecli.main ERROR - traceback: 'Traceback (most recent call last):\n  File "/opt/homebrew/Cellar/litecli/1.17.0/libexec/lib/python3.13/site-packages/litecli/sqlexecute.py", line 146, in run\n    for result in special.execute(cur, sql):\n                  ~~~~~~~~~~~~~~~^^^^^^^^^^\n  File "/opt/homebrew/Cellar/litecli/1.17.0/libexec/lib/python3.13/site-packages/litecli/packages/special/main.py", line 126, in execute\n    raise CommandNotFound\nlitecli.packages.special.main.CommandNotFound\n\nDuring handling of the above exception, another exception occurred:\n\nTraceback (most recent call last):\n  File "/opt/homebrew/Cellar/litecli/1.17.0/libexec/lib/python3.13/site-packages/litecli/main.py", line 519, in one_iteration\n    mutating = output_res(res, start)\n  File "/opt/homebrew/Cellar/litecli/1.17.0/libexec/lib/python3.13/site-packages/litecli/main.py", line 404, in output_res\n    for title, cur, headers, status in res:\n                                       ^^^\n  File "/opt/homebrew/Cellar/litecli/1.17.0/libexec/lib/python3.13/site-packages/litecli/sqlexecute.py", line 154, in run\n    cur.execute(sql)\n    ~~~~~~~~~~~^^^^^\nsqlite3.OperationalError: near "*": syntax error\n'
